[16:30:57] [main/INFO]: Loading Minecraft 1.21.9 with Fabric Loader 0.18.4
[16:30:57] [main/INFO]: Loading 130 mods:
	- architectury 18.0.5
	- bettervillage 3.3.1
	- chunky 1.4.52
	- collective 8.9
	- e4mc_minecraft 5.5.4
	   \-- folk_sisby_kaleido-config 0.3.3+1.3.2
	- fabric-api 0.134.1+1.21.9
	   |-- fabric-api-base 1.0.0+14b92d897d
	   |-- fabric-api-lookup-api-v1 1.6.106+d17682157d
	   |-- fabric-biome-api-v1 16.1.0+c2417d4f7d
	   |-- fabric-block-api-v1 1.1.5+d17682157d
	   |-- fabric-block-view-api-v2 1.0.34+e4fd1b927d
	   |-- fabric-command-api-v2 2.3.7+328a75ba7d
	   |-- fabric-content-registries-v0 10.2.3+b6a242647d
	   |-- fabric-convention-tags-v1 2.1.47+7f945d5b7d
	   |-- fabric-convention-tags-v2 2.15.12+3154c1c87d
	   |-- fabric-crash-report-info-v1 0.3.18+33df5e6e7d
	   |-- fabric-data-attachment-api-v1 1.8.28+9bce411b7d
	   |-- fabric-data-generation-api-v1 23.2.22+d8b85ef17d
	   |-- fabric-dimensions-v1 4.0.22+38b9cc197d
	   |-- fabric-entity-events-v1 2.1.12+14b92d897d
	   |-- fabric-events-interaction-v0 4.0.35+5ba217127d
	   |-- fabric-game-rule-api-v1 1.1.1+e47eaae57d
	   |-- fabric-item-api-v1 11.5.8+9bce411b7d
	   |-- fabric-item-group-api-v1 4.2.24+86b3ae577d
	   |-- fabric-key-binding-api-v1 1.1.1+b3ba9c487d
	   |-- fabric-lifecycle-events-v1 2.6.9+33df5e6e7d
	   |-- fabric-loot-api-v2 3.0.64+3f89f5a57d
	   |-- fabric-loot-api-v3 2.0.11+d17682157d
	   |-- fabric-message-api-v1 6.1.7+3154c1c87d
	   |-- fabric-model-loading-api-v1 6.0.1+3ffd6ef07d
	   |-- fabric-networking-api-v1 5.0.13+d269470c7d
	   |-- fabric-object-builder-api-v1 21.1.24+9bce411b7d
	   |-- fabric-particles-v1 4.2.2+a0ee59a47d
	   |-- fabric-recipe-api-v1 8.1.26+d17682157d
	   |-- fabric-registry-sync-v0 6.1.41+679c8c5c7d
	   |-- fabric-renderer-api-v1 7.1.2+c523dc837d
	   |-- fabric-renderer-indigo 4.0.20+c523dc837d
	   |-- fabric-rendering-fluids-v1 3.1.38+86b3ae577d
	   |-- fabric-rendering-v1 16.0.1+328a75ba7d
	   |-- fabric-resource-conditions-api-v1 5.0.28+33df5e6e7d
	   |-- fabric-resource-loader-v0 3.2.2+3388a3b27d
	   |-- fabric-resource-loader-v1 1.0.2+225bca407d
	   |-- fabric-screen-api-v1 3.1.0+9c82a7987d
	   |-- fabric-screen-handler-api-v1 1.3.150+d17682157d
	   |-- fabric-serialization-api-v1 1.0.0+d857c9767d
	   |-- fabric-sound-api-v1 1.0.45+328a75ba7d
	   |-- fabric-tag-api-v1 1.2.10+2fa446b27d
	   |-- fabric-transfer-api-v1 6.0.15+79ec2c127d
	   \-- fabric-transitive-access-wideners-v1 6.5.3+41eb43437d
	- fabric-language-kotlin 1.13.8+kotlin.2.3.0
	   |-- org_jetbrains_kotlin_kotlin-reflect 2.3.0
	   |-- org_jetbrains_kotlin_kotlin-stdlib 2.3.0
	   |-- org_jetbrains_kotlin_kotlin-stdlib-jdk7 2.3.0
	   |-- org_jetbrains_kotlin_kotlin-stdlib-jdk8 2.3.0
	   |-- org_jetbrains_kotlinx_atomicfu-jvm 0.29.0
	   |-- org_jetbrains_kotlinx_kotlinx-coroutines-core-jvm 1.10.2
	   |-- org_jetbrains_kotlinx_kotlinx-coroutines-jdk8 1.10.2
	   |-- org_jetbrains_kotlinx_kotlinx-datetime-jvm 0.7.1
	   |-- org_jetbrains_kotlinx_kotlinx-io-bytestring-jvm 0.8.2
	   |-- org_jetbrains_kotlinx_kotlinx-io-core-jvm 0.8.2
	   |-- org_jetbrains_kotlinx_kotlinx-serialization-cbor-jvm 1.9.0
	   |-- org_jetbrains_kotlinx_kotlinx-serialization-core-jvm 1.9.0
	   \-- org_jetbrains_kotlinx_kotlinx-serialization-json-jvm 1.9.0
	- fabricloader 0.18.4
	   \-- mixinextras 0.5.0
	- fallingtree 1.21.9.3
	- ferritecore 8.0.2
	- floodgate 2.2.6-SNAPSHOT
	   |-- aopalliance_aopalliance 1.0
	   |-- com_google_guava_failureaccess 1.0.1
	   |-- fabric-permissions-api-v0 0.4.1
	   |-- jakarta_inject_jakarta_inject-api 2.0.1
	   |-- javax_inject_javax_inject 1
	   |-- org_geysermc_cumulus_cumulus 1.1.2
	   |-- org_geysermc_event_events 1.1-SNAPSHOT
	   |-- org_geysermc_geyser_common_unshaded 2.2.1-SNAPSHOT
	   |-- org_java-websocket_java-websocket 1.5.2
	   \-- org_lanternpowered_lmbda 2.0.0
	- geyser-fabric 2.9.2-SNAPSHOT
	   |-- cloud 2.0.0-beta.13
	   |    |-- io_leangen_geantyref_geantyref 1.3.15
	   |    |-- org_incendo_cloud-brigadier 2.0.0-beta.11
	   |    |-- org_incendo_cloud-core 2.0.0
	   |    |-- org_incendo_cloud-minecraft-modded-common-fabric-repack 2.0.0-beta.13
	   |    \-- org_incendo_cloud-services 2.0.0
	   |-- com_google_errorprone_error_prone_annotations 2.27.0
	   |-- com_nukkitx_natives 1.0.3
	   |-- fabric-permissions-api-v0 0.4.1
	   |-- io_airlift_aircompressor 0.27
	   |-- io_netty_netty-codec-haproxy 4.2.7
	   |-- net_jodah_expiringmap 0.5.10
	   |-- net_kyori_adventure-api 4.25.0
	   |-- net_kyori_adventure-key 4.25.0
	   |-- net_kyori_adventure-nbt 4.25.0
	   |-- net_kyori_adventure-text-serializer-commons 4.25.0
	   |-- net_kyori_adventure-text-serializer-gson 4.25.0
	   |-- net_kyori_adventure-text-serializer-json 4.25.0
	   |-- net_kyori_adventure-text-serializer-json-legacy-impl 4.25.0
	   |-- net_kyori_adventure-text-serializer-legacy 4.25.0
	   |-- net_kyori_adventure-text-serializer-plain 4.25.0
	   |-- net_kyori_examination-api 1.3.0
	   |-- net_kyori_examination-string 1.3.0
	   |-- net_kyori_option 1.1.0
	   |-- net_lenni0451_commons_gson 1.9.0
	   |-- net_lenni0451_commons_httpclient 1.9.0
	   |-- net_raphimc_minecraftauth 5.0.0
	   |-- org_bitbucket_b_c_jose4j 0.9.6
	   |-- org_bstats_bstats-base 3.1.0
	   |-- org_cloudburstmc_math_api 2.0
	   |-- org_cloudburstmc_math_immutable 2.0
	   |-- org_cloudburstmc_nbt 3.0.3
	   |-- org_geysermc_api_base-api 1.0.2
	   |-- org_geysermc_cumulus_cumulus 1.1.2
	   |-- org_geysermc_event_events 1.1-SNAPSHOT
	   \-- org_lanternpowered_lmbda 2.0.0
	- improved_village_placement 1.1.2
	- java 21
	- libraryferret 4.0.0
	- lithostitched 1.5.2+patched
	- minecraft 1.21.9
	- placeable_food 3.0.0
	- servercore 1.5.14+1.21.9
	   |-- fabric-permissions-api-v0 0.4.1
	   |-- org_yaml_snakeyaml 2.5
	   |-- placeholder-api 2.8.0+1.21.9
	   |-- space_arim_dazzleconf_dazzleconf-core 1.3.0-M2
	   \-- space_arim_dazzleconf_dazzleconf-ext-snakeyaml 1.3.0-M2
	- silk-all 1.11.4
	   |-- silk-commands 1.11.4
	   |-- silk-core 1.11.4
	   |-- silk-game 1.11.4
	   |-- silk-igui 1.11.4
	   |-- silk-nbt 1.11.4
	   |-- silk-network 1.11.4
	   \-- silk-persistence 1.11.4
	- skinrestorer 2.4.3+1.21.9-fabric
	   \-- org_mineskin_java-client 3.0.6-SNAPSHOT
	- terralith 2.5.13
	- veinminer 2.5.0
	   \-- de_miraculixx_core_dev 2.5.0
	- villagespawnpoint 4.7
[16:30:57] [main/INFO]: SpongePowered MIXIN Subsystem Version=0.8.7 Source=file:/home/djbug/Downloads/Server-MineCriator-main/backend/data/servers/83604d60/libraries/net/fabricmc/sponge-mixin/0.17.0+mixin.0.8.7/sponge-mixin-0.17.0+mixin.0.8.7.jar Service=Knot/Fabric Env=SERVER
[16:30:57] [main/INFO]: Compatibility level set to JAVA_16
[16:30:57] [main/INFO]: Compatibility level set to JAVA_21
[16:30:57] [main/INFO]: Initializing MixinExtras via com.llamalad7.mixinextras.service.MixinExtrasServiceImpl(version=0.5.0).
[16:31:02] [main/INFO]: Loading Collective version 8.9.
[16:31:03] [main/INFO]: Carregando extensões...
[16:31:03] [main/INFO]: 0 extensão(ões) carregada
[16:31:03] [main/INFO]: Initialize mod Library Ferret
[16:31:03] [main/INFO]: Initialized mod Library Ferret
[16:31:03] [main/INFO]: Initializing MagicVibeDecorationsMod
[16:31:03] [main/INFO]: [ServerCore] Loaded V1.5.14+1.21.9!
[16:31:04] [main/INFO]: Initializing Silk
[16:31:04] [main/INFO]: Veinminer Version: 2.5.0 (fabric)
[16:31:04] [main/INFO]: Environment: Environment[sessionHost=https://sessionserver.mojang.com, servicesHost=https://api.minecraftservices.com, profilesHost=https://api.mojang.com, name=PROD]
[16:31:04] [main/INFO]: Found new data pack collective, loading it automatically
[16:31:04] [main/INFO]: Found new data pack improved_village_placement, loading it automatically
[16:31:04] [main/INFO]: Found new data pack lithostitched, loading it automatically
[16:31:04] [main/INFO]: Found new data pack terralith, loading it automatically
[16:31:04] [DefaultDispatcher-worker-3/INFO]: [STDOUT]: [VeinminerUpdater] veinminer is up to date
[16:31:04] [main/INFO]: StructureSet modified for minecraft:village : Now using custom village configuration (can be disabled in the better villages config: boolean.villages.enabled_custom_config).
[16:31:05] [Worker-Main-3/ERROR]: Couldn't parse data file 'placeable_food:blocks/beetrots' from 'placeable_food:loot_table/blocks/beetrots.json': DataResult.Error['Unknown registry key in ResourceKey[minecraft:root / minecraft:item]: placeable_food:beetrots': net.minecraft.class_52@63151756]
[16:31:05] [Worker-Main-3/ERROR]: Couldn't parse data file 'placeable_food:blocks/bp_5' from 'placeable_food:loot_table/blocks/bp_5.json': DataResult.Error['Unknown registry key in ResourceKey[minecraft:root / minecraft:item]: placeable_food:bp_5': net.minecraft.class_52@26cbe863]
[16:31:05] [Worker-Main-3/ERROR]: Couldn't parse data file 'placeable_food:blocks/ms' from 'placeable_food:loot_table/blocks/ms.json': DataResult.Error['Unknown registry key in ResourceKey[minecraft:root / minecraft:item]: placeable_food:ms': net.minecraft.class_52@57b0bde5]
[16:31:05] [Worker-Main-1/ERROR]: Couldn't parse data file 'placeable_food:mixrec_1' from 'placeable_food:recipe/mixrec_1.json': DataResult.Error['Unknown registry key in ResourceKey[minecraft:root / minecraft:item]: placeable_food:ms']
[16:31:05] [Worker-Main-1/ERROR]: Couldn't parse data file 'placeable_food:mixrec_2' from 'placeable_food:recipe/mixrec_2.json': DataResult.Error['Unknown registry key in ResourceKey[minecraft:root / minecraft:item]: placeable_food:ms']
[16:31:05] [main/INFO]: Loaded 1509 recipes
[16:31:05] [main/INFO]: Loaded 1575 advancements
[16:31:06] [main/INFO]: Applied 0 biome modifications to 0 of 160 new biomes in 2.355 ms
[16:31:06] [Server thread/INFO]: Initialized mcCoroutineScope (MinecraftServer as executor)
[16:31:06] [Server thread/INFO]: Starting minecraft server version 1.21.9
[16:31:06] [Server thread/INFO]: Loading properties
[16:31:06] [Server thread/INFO]: Default game type: SURVIVAL
[16:31:06] [Server thread/INFO]: Generating keypair
[16:31:06] [Server thread/INFO]: Starting Minecraft server on *:2314
[16:31:06] [Server thread/INFO]: Using epoll channel type
[16:31:06] [Server thread/WARN]: **** SERVER IS RUNNING IN OFFLINE/INSECURE MODE!
[16:31:06] [Server thread/WARN]: The server will make no attempt to authenticate usernames. Beware.
[16:31:06] [Server thread/WARN]: While this makes the game possible to play without internet access, it also opens up the ability for hackers to connect with any username they choose.
[16:31:06] [Server thread/WARN]: To change this, set "online-mode" to "true" in the server.properties file.
[16:31:06] [e4mc_minecraft-init/INFO]: req: https://broker.e4mc.link/getBestRelay GET
[16:31:06] [Server thread/INFO]: Preparing level "world"
[16:31:06] [Server thread/INFO]: Loading 0 persistent chunks...
[16:31:06] [Server thread/INFO]: Preparing spawn area: 100%
[16:31:06] [Server thread/INFO]: Time elapsed: 57 ms
[16:31:06] [Server thread/INFO]: Done (0.367s)! For help, type "help"
[16:31:06] [Server thread/INFO]: Demorou 47ms para inicializar o Floodgate
[16:31:06] [e4mc_minecraft-init/INFO]: resp: (GET https://broker.e4mc.link/getBestRelay) 200
[16:31:06] [e4mc_minecraft-init/INFO]: using relay cl
[16:31:07] [Netty Epoll Server IO #1/INFO]: control channel open: [id: 0x953f76f6, QuicStreamAddress{streamId=0}]
[16:31:07] [Netty Epoll Server IO #1/INFO]: control channel write complete
[16:31:07] [Server thread/INFO]: ******************************************
[16:31:07] [Server thread/INFO]: 
[16:31:07] [Server thread/INFO]: Carregando Geyser versão 2.9.2-b1008 (git-master-d35667a)
[16:31:07] [Server thread/INFO]: 
[16:31:07] [Server thread/INFO]: ******************************************
[16:31:07] [Netty Epoll Server IO #1/WARN]: e4mc running on Dedicated Server; This works, but isn't recommended as e4mc is designed for short-lived LAN servers
[16:31:07] [Netty Epoll Server IO #1/INFO]: Domain assigned: backing-tidy.cl.e4mc.link
[16:31:09] [GeyserServer-3-1/INFO]: Geyser iniciado na porta UDP 19132
[16:31:09] [Server thread/INFO]: Concluído (2,507 s)! Execute /geyser help para obter ajuda!
[16:31:09] [Server thread/WARN]: Can't keep up! Is the server overloaded? Running 3205ms or 64 ticks behind
[16:32:09] [Server thread/INFO]: Server empty for 60 seconds, pausing
[16:35:53] [Server thread/INFO]: DJbug_[/127.0.0.1:58266] logged in with entity id 65 at (5.295868001701376, 103.0, -5.423695227911379)
[16:35:53] [Server thread/INFO]: DJbug_ joined the game
[16:35:59] [Server thread/INFO]: DJbug_ lost connection: Disconnected
[16:35:59] [Server thread/INFO]: DJbug_ left the game
[16:36:12] [GeyserServerChild-4-1/INFO]: Jogador conectado com o nome de usuário Tokyto7125 (898)
[16:36:12] [localSession-7-1/INFO]: Tokyto7125 (logado como: Tokyto7125) conectou-se ao servidor Java
[16:36:12] [pool-6-thread-1/INFO]: Floodgate player who is logged in as .Tokyto7125 00000000-0000-0000-0009-01f251a5cd76 joined
[16:36:13] [ForkJoinPool.commonPool-worker-8/WARN]: Failed to fetch skin 'mojang:.Tokyto7125'
java.lang.IllegalStateException: not found
	at knot/net.lionarius.skinrestorer.util.WebUtils.throwOnClientErrors(WebUtils.java:77) ~[skinrestorer-2.4.3+1.21.9-fabric.jar:?]
	at knot/net.lionarius.skinrestorer.skin.provider.MojangSkinProvider.getProfile(MojangSkinProvider.java:145) ~[skinrestorer-2.4.3+1.21.9-fabric.jar:?]
	at knot/net.lionarius.skinrestorer.skin.provider.MojangSkinProvider$1.findProfileByName(MojangSkinProvider.java:69) ~[skinrestorer-2.4.3+1.21.9-fabric.jar:?]
	at knot/net.minecraft.class_3312.method_14509(class_3312.java:74) ~[server-intermediary.jar:?]
	at knot/net.minecraft.class_3312.method_14515(class_3312.java:135) ~[server-intermediary.jar:?]
	at knot/net.lionarius.skinrestorer.skin.provider.MojangSkinProvider.fetchSkin(MojangSkinProvider.java:116) ~[skinrestorer-2.4.3+1.21.9-fabric.jar:?]
	at knot/net.minecraft.class_3248.mdd92603$skinrestorer$lambda$skinrestorer$fetchSkin$1$1(class_3248.java:2078) ~[server-intermediary.jar:?]
	at java.base/java.util.Optional.map(Optional.java:260) ~[?:?]
	at knot/net.minecraft.class_3248.skinrestorer$fetchSkin(class_3248.java:2077) ~[server-intermediary.jar:?]
	at knot/net.minecraft.class_3248.mdd92603$skinrestorer$lambda$waitForSkin$0$2(class_3248.java:2062) ~[server-intermediary.jar:?]
	at java.base/java.util.concurrent.CompletableFuture$AsyncSupply.run(CompletableFuture.java:1768) [?:?]
	at java.base/java.util.concurrent.CompletableFuture$AsyncSupply.exec(CompletableFuture.java:1760) [?:?]
	at java.base/java.util.concurrent.ForkJoinTask.doExec(ForkJoinTask.java:387) [?:?]
	at java.base/java.util.concurrent.ForkJoinPool$WorkQueue.topLevelExec(ForkJoinPool.java:1312) [?:?]
	at java.base/java.util.concurrent.ForkJoinPool.scan(ForkJoinPool.java:1843) [?:?]
	at java.base/java.util.concurrent.ForkJoinPool.runWorker(ForkJoinPool.java:1808) [?:?]
	at java.base/java.util.concurrent.ForkJoinWorkerThread.run(ForkJoinWorkerThread.java:188) [?:?]
[16:36:13] [Geyser Fabric connection thread-6-2/INFO]: Jogador do Floodgate conectado como .Tokyto7125 desconectado
[16:36:13] [Server thread/INFO]: .Tokyto7125 (00000000-0000-0000-0009-01f251a5cd76) lost connection: This server requires Fabric Loader and Fabric API installed on your client!
The following registry entry namespaces may be related:

libraryferret
placeable_food


Contact the server's administrator for more information!
[16:36:13] [localSession-7-1/INFO]: Tokyto7125 se desconectou do servidor Java: This server requires §r§aFabric Loader and Fabric API§r installed on your client!
The following registry entry namespaces may be related:

§r§elibraryferret§r
§r§eplaceable_food§r


§r§6Contact the server's administrator for more information!
[16:36:13] [Server thread/WARN]: handleDisconnection() called twice
[16:36:59] [Server thread/INFO]: Server empty for 60 seconds, pausing
[16:37:45] [GeyserServerChild-4-2/INFO]: Jogador conectado com o nome de usuário Tokyto7125 (898)
[16:37:45] [localSession-7-2/INFO]: Tokyto7125 (logado como: Tokyto7125) conectou-se ao servidor Java
[16:37:45] [pool-6-thread-2/INFO]: Floodgate player who is logged in as .Tokyto7125 00000000-0000-0000-0009-01f251a5cd76 joined
[16:37:46] [ForkJoinPool.commonPool-worker-6/WARN]: Failed to fetch skin 'mojang:.Tokyto7125'
java.lang.IllegalStateException: not found
	at knot/net.lionarius.skinrestorer.util.WebUtils.throwOnClientErrors(WebUtils.java:77) ~[skinrestorer-2.4.3+1.21.9-fabric.jar:?]
	at knot/net.lionarius.skinrestorer.skin.provider.MojangSkinProvider.getProfile(MojangSkinProvider.java:145) ~[skinrestorer-2.4.3+1.21.9-fabric.jar:?]
	at knot/net.lionarius.skinrestorer.skin.provider.MojangSkinProvider$1.findProfileByName(MojangSkinProvider.java:69) ~[skinrestorer-2.4.3+1.21.9-fabric.jar:?]
	at knot/net.minecraft.class_3312.method_14509(class_3312.java:74) ~[server-intermediary.jar:?]
	at knot/net.minecraft.class_3312.method_14515(class_3312.java:135) ~[server-intermediary.jar:?]
	at knot/net.lionarius.skinrestorer.skin.provider.MojangSkinProvider.fetchSkin(MojangSkinProvider.java:116) ~[skinrestorer-2.4.3+1.21.9-fabric.jar:?]
	at knot/net.minecraft.class_3248.mdd92603$skinrestorer$lambda$skinrestorer$fetchSkin$1$1(class_3248.java:2078) ~[server-intermediary.jar:?]
	at java.base/java.util.Optional.map(Optional.java:260) ~[?:?]
	at knot/net.minecraft.class_3248.skinrestorer$fetchSkin(class_3248.java:2077) ~[server-intermediary.jar:?]
	at knot/net.minecraft.class_3248.mdd92603$skinrestorer$lambda$waitForSkin$0$2(class_3248.java:2062) ~[server-intermediary.jar:?]
	at java.base/java.util.concurrent.CompletableFuture$AsyncSupply.run(CompletableFuture.java:1768) [?:?]
	at java.base/java.util.concurrent.CompletableFuture$AsyncSupply.exec(CompletableFuture.java:1760) [?:?]
	at java.base/java.util.concurrent.ForkJoinTask.doExec(ForkJoinTask.java:387) [?:?]
	at java.base/java.util.concurrent.ForkJoinPool$WorkQueue.topLevelExec(ForkJoinPool.java:1312) [?:?]
	at java.base/java.util.concurrent.ForkJoinPool.scan(ForkJoinPool.java:1843) [?:?]
	at java.base/java.util.concurrent.ForkJoinPool.runWorker(ForkJoinPool.java:1808) [?:?]
	at java.base/java.util.concurrent.ForkJoinWorkerThread.run(ForkJoinWorkerThread.java:188) [?:?]
[16:37:46] [Geyser Fabric connection thread-6-3/INFO]: Jogador do Floodgate conectado como .Tokyto7125 desconectado
[16:37:46] [Server thread/INFO]: .Tokyto7125 (00000000-0000-0000-0009-01f251a5cd76) lost connection: This server requires Fabric Loader and Fabric API installed on your client!
The following registry entry namespaces may be related:

libraryferret
placeable_food


Contact the server's administrator for more information!
[16:37:46] [localSession-7-2/INFO]: Tokyto7125 se desconectou do servidor Java: This server requires §r§aFabric Loader and Fabric API§r installed on your client!
The following registry entry namespaces may be related:

§r§elibraryferret§r
§r§eplaceable_food§r


§r§6Contact the server's administrator for more information!
[16:37:46] [Server thread/WARN]: handleDisconnection() called twice
[16:38:47] [Server thread/INFO]: Stopping the server
[16:38:47] [Server thread/INFO]: Desligando o Geyser.
[16:38:47] [Server thread/INFO]: Geyser encerrado com sucesso.
[16:38:47] [WebSocketConnectReadThread-119/INFO]: The skin uploader has been closed
[16:38:49] [Server thread/INFO]: Stopping server
[16:38:49] [Server thread/INFO]: Saving players
[16:38:49] [Server thread/INFO]: Saving worlds
[16:38:49] [Server thread/INFO]: Saving chunks for level 'ServerLevel[world]'/minecraft:overworld
[16:38:49] [Server thread/INFO]: Saving chunks for level 'ServerLevel[world]'/minecraft:the_end
[16:38:49] [Server thread/INFO]: Saving chunks for level 'ServerLevel[world]'/minecraft:the_nether
[16:38:49] [Server thread/INFO]: ThreadedAnvilChunkStorage (world): All chunks are saved
[16:38:49] [Server thread/INFO]: ThreadedAnvilChunkStorage (DIM1): All chunks are saved
[16:38:49] [Server thread/INFO]: ThreadedAnvilChunkStorage (DIM-1): All chunks are saved
[16:38:49] [Server thread/INFO]: ThreadedAnvilChunkStorage: All dimensions are saved
